2025-05-21 18:08:01 [main] INFO  c.creditcard.CreditCardApplication - Starting CreditCardApplication v0.0.1-SNAPSHOT using Java 17.0.2 with PID 1 (/app.jar started by root in /)
2025-05-21 18:08:01 [main] DEBUG c.creditcard.CreditCardApplication - Running with Spring Boot v3.2.3, Spring v6.1.4
2025-05-21 18:08:01 [main] INFO  c.creditcard.CreditCardApplication - The following 1 profile is active: "docker"
2025-05-21 18:08:03 [main] INFO  o.s.d.r.c.RepositoryConfigurationDelegate - Bootstrapping Spring Data JPA repositories in DEFAULT mode.
2025-05-21 18:08:03 [main] INFO  o.s.d.r.c.RepositoryConfigurationDelegate - Finished Spring Data repository scanning in 156 ms. Found 1 JPA repository interface.
2025-05-21 18:08:05 [main] INFO  o.s.b.w.e.tomcat.TomcatWebServer - Tomcat initialized with port 8080 (http)
2025-05-21 18:08:05 [main] INFO  o.a.catalina.core.StandardService - Starting service [Tomcat]
2025-05-21 18:08:05 [main] INFO  o.a.catalina.core.StandardEngine - Starting Servlet engine: [Apache Tomcat/10.1.19]
2025-05-21 18:08:05 [main] INFO  o.a.c.c.C.[Tomcat].[localhost].[/] - Initializing Spring embedded WebApplicationContext
2025-05-21 18:08:05 [main] INFO  o.s.b.w.s.c.ServletWebServerApplicationContext - Root WebApplicationContext: initialization completed in 3253 ms
2025-05-21 18:08:05 [main] INFO  com.zaxxer.hikari.HikariDataSource - HikariPool-1 - Starting...
2025-05-21 18:08:05 [main] INFO  com.zaxxer.hikari.pool.HikariPool - HikariPool-1 - Added connection conn0: url=jdbc:h2:mem:creditcarddb user=SA
2025-05-21 18:08:05 [main] INFO  com.zaxxer.hikari.HikariDataSource - HikariPool-1 - Start completed.
2025-05-21 18:08:05 [main] INFO  o.s.b.a.h.H2ConsoleAutoConfiguration - H2 console available at '/h2-console'. Database available at 'jdbc:h2:mem:creditcarddb'
2025-05-21 18:08:06 [main] INFO  o.h.jpa.internal.util.LogHelper - HHH000204: Processing PersistenceUnitInfo [name: default]
2025-05-21 18:08:06 [main] INFO  org.hibernate.Version - HHH000412: Hibernate ORM core version 6.4.4.Final
2025-05-21 18:08:06 [main] INFO  o.h.c.i.RegionFactoryInitiator - HHH000026: Second-level cache disabled
2025-05-21 18:08:06 [main] INFO  o.s.o.j.p.SpringPersistenceUnitInfo - No LoadTimeWeaver setup: ignoring JPA class transformer
2025-05-21 18:08:06 [main] WARN  org.hibernate.orm.deprecation - HHH90000025: H2Dialect does not need to be specified explicitly using 'hibernate.dialect' (remove the property setting and it will be selected by default)
2025-05-21 18:08:08 [main] INFO  o.h.e.t.j.p.i.JtaPlatformInitiator - HHH000489: No JTA platform available (set 'hibernate.transaction.jta.platform' to enable JTA platform integration)
2025-05-21 18:08:08 [main] INFO  o.s.o.j.LocalContainerEntityManagerFactoryBean - Initialized JPA EntityManagerFactory for persistence unit 'default'
2025-05-21 18:08:08 [main] WARN  o.s.b.a.o.j.JpaBaseConfiguration$JpaWebConfiguration - spring.jpa.open-in-view is enabled by default. Therefore, database queries may be performed during view rendering. Explicitly configure spring.jpa.open-in-view to disable this warning
2025-05-21 18:08:10 [main] INFO  o.s.b.a.e.web.EndpointLinksResolver - Exposing 15 endpoint(s) beneath base path '/actuator'
2025-05-21 18:08:10 [main] INFO  o.s.b.w.e.tomcat.TomcatWebServer - Tomcat started on port 8080 (http) with context path ''
2025-05-21 18:08:10 [main] INFO  c.creditcard.CreditCardApplication - Started CreditCardApplication in 10.054 seconds (process running for 11.467)
2025-05-21 18:09:57 [http-nio-8080-exec-1] INFO  o.a.c.c.C.[Tomcat].[localhost].[/] - Initializing Spring DispatcherServlet 'dispatcherServlet'
2025-05-21 18:09:57 [http-nio-8080-exec-1] INFO  o.s.web.servlet.DispatcherServlet - Initializing Servlet 'dispatcherServlet'
2025-05-21 18:09:57 [http-nio-8080-exec-1] INFO  o.s.web.servlet.DispatcherServlet - Completed initialization in 5 ms
2025-05-21 18:13:04 [http-nio-8080-exec-2] ERROR c.c.service.CreditCardService - Invalid card number provided: ****-****-****-3454 for user: A T THIRUMAL
2025-05-21 18:13:04 [http-nio-8080-exec-2] ERROR c.c.controller.CreditCardController - Error creating card: Invalid card number provided: ****-****-****-3454 for user: A T THIRUMAL
2025-05-21 18:15:26 [http-nio-8080-exec-9] ERROR c.c.service.CreditCardService - Invalid card number provided: ****-****-****-3454 for user: A T THIRUMAL
2025-05-21 18:15:26 [http-nio-8080-exec-9] ERROR c.c.controller.CreditCardController - Error creating card: Invalid card number provided: ****-****-****-3454 for user: A T THIRUMAL
